d:\projects\exploits roblox\rage\rage dll\debug\vc142.pdb
d:\projects\exploits roblox\rage\rage dll\debug\vc142.idb
d:\projects\exploits roblox\rage\rage dll\debug\main.obj
d:\projects\exploits roblox\rage\rage dll\debug\imgui_widgets.obj
d:\projects\exploits roblox\rage\rage dll\debug\imgui_impl_win32.obj
d:\projects\exploits roblox\rage\rage dll\debug\imgui_impl_dx9.obj
d:\projects\exploits roblox\rage\rage dll\debug\imgui_impl_dx11.obj
d:\projects\exploits roblox\rage\rage dll\debug\imgui_draw.obj
d:\projects\exploits roblox\rage\rage dll\debug\imgui_demo.obj
d:\projects\exploits roblox\rage\rage dll\debug\imgui.obj
d:\projects\exploits roblox\rage\rage dll\debug\drawing.obj
d:\projects\exploits roblox\rage\rage dll\debug\lparser.obj
d:\projects\exploits roblox\rage\rage dll\debug\loslib.obj
d:\projects\exploits roblox\rage\rage dll\debug\lopcodes.obj
d:\projects\exploits roblox\rage\rage dll\debug\lobject.obj
d:\projects\exploits roblox\rage\rage dll\debug\loadlib.obj
d:\projects\exploits roblox\rage\rage dll\debug\lmem.obj
d:\projects\exploits roblox\rage\rage dll\debug\lmathlib.obj
d:\projects\exploits roblox\rage\rage dll\debug\llex.obj
d:\projects\exploits roblox\rage\rage dll\debug\liolib.obj
d:\projects\exploits roblox\rage\rage dll\debug\linit.obj
d:\projects\exploits roblox\rage\rage dll\debug\lgc.obj
d:\projects\exploits roblox\rage\rage dll\debug\lfunc.obj
d:\projects\exploits roblox\rage\rage dll\debug\ldump.obj
d:\projects\exploits roblox\rage\rage dll\debug\ldo.obj
d:\projects\exploits roblox\rage\rage dll\debug\ldebug.obj
d:\projects\exploits roblox\rage\rage dll\debug\ldblib.obj
d:\projects\exploits roblox\rage\rage dll\debug\lcode.obj
d:\projects\exploits roblox\rage\rage dll\debug\lbaselib.obj
d:\projects\exploits roblox\rage\rage dll\debug\lauxlib.obj
d:\projects\exploits roblox\rage\rage dll\debug\lapi.obj
d:\projects\exploits roblox\rage\rage dll\debug\lzio.obj
d:\projects\exploits roblox\rage\rage dll\debug\lvm.obj
d:\projects\exploits roblox\rage\rage dll\debug\lundump.obj
d:\projects\exploits roblox\rage\rage dll\debug\ltm.obj
d:\projects\exploits roblox\rage\rage dll\debug\ltablib.obj
d:\projects\exploits roblox\rage\rage dll\debug\ltable.obj
d:\projects\exploits roblox\rage\rage dll\debug\lstrlib.obj
d:\projects\exploits roblox\rage\rage dll\debug\lstring.obj
d:\projects\exploits roblox\rage\rage dll\debug\lstate.obj
d:\projects\exploits roblox\rage\rage dll\bin\debug\rage.dll
d:\projects\exploits roblox\rage\rage dll\bin\debug\rage.ilk
d:\projects\exploits roblox\rage\rage dll\bin\debug\rage.pdb
d:\projects\exploits roblox\rage\rage dll\debug\rage dll.res
d:\projects\exploits roblox\rage\rage dll\debug\rage dll.tlog\cl.command.1.tlog
d:\projects\exploits roblox\rage\rage dll\debug\rage dll.tlog\cl.read.1.tlog
d:\projects\exploits roblox\rage\rage dll\debug\rage dll.tlog\cl.write.1.tlog
d:\projects\exploits roblox\rage\rage dll\debug\rage dll.tlog\link.command.1.tlog
d:\projects\exploits roblox\rage\rage dll\debug\rage dll.tlog\link.read.1.tlog
d:\projects\exploits roblox\rage\rage dll\debug\rage dll.tlog\link.write.1.tlog
d:\projects\exploits roblox\rage\rage dll\debug\rage dll.tlog\rc.command.1.tlog
d:\projects\exploits roblox\rage\rage dll\debug\rage dll.tlog\rc.read.1.tlog
d:\projects\exploits roblox\rage\rage dll\debug\rage dll.tlog\rc.write.1.tlog
