C:\Program Files (x86)\Microsoft Visual Studio\2019\Community\MSBuild\Microsoft\VC\v160\Microsoft.CppBuild.targets(491,5): warning MSB8028: The intermediate directory (Debug\) contains files shared from another project (RAGE.vcxproj, RVX-4.vcxproj).  This can lead to incorrect clean and rebuild behavior.
  Drawing.cpp
D:\Projects\EXPLOITS ROBLOX\RAGE\RAGE DLL\Drawing.cpp(134,38): warning C4244: '=': conversion from 'lua_Number' to 'int', possible loss of data
D:\Projects\EXPLOITS ROBLOX\RAGE\RAGE DLL\Drawing.cpp(148,51): warning C4244: '=': conversion from 'lua_Number' to 'float', possible loss of data
D:\Projects\EXPLOITS ROBLOX\RAGE\RAGE DLL\Drawing.cpp(150,51): warning C4244: '=': conversion from 'lua_Number' to 'float', possible loss of data
D:\Projects\EXPLOITS ROBLOX\RAGE\RAGE DLL\Drawing.cpp(157,47): warning C4244: '=': conversion from 'lua_Number' to 'float', possible loss of data
D:\Projects\EXPLOITS ROBLOX\RAGE\RAGE DLL\Drawing.cpp(159,47): warning C4244: '=': conversion from 'lua_Number' to 'float', possible loss of data
D:\Projects\EXPLOITS ROBLOX\RAGE\RAGE DLL\Drawing.cpp(161,47): warning C4244: '=': conversion from 'lua_Number' to 'float', possible loss of data
D:\Projects\EXPLOITS ROBLOX\RAGE\RAGE DLL\Drawing.cpp(175,44): warning C4244: '=': conversion from 'lua_Number' to 'float', possible loss of data
D:\Projects\EXPLOITS ROBLOX\RAGE\RAGE DLL\Drawing.cpp(270,47): warning C4244: '=': conversion from 'lua_Number' to 'float', possible loss of data
D:\Projects\EXPLOITS ROBLOX\RAGE\RAGE DLL\Drawing.cpp(272,47): warning C4244: '=': conversion from 'lua_Number' to 'float', possible loss of data
D:\Projects\EXPLOITS ROBLOX\RAGE\RAGE DLL\Drawing.cpp(279,45): warning C4244: '=': conversion from 'lua_Number' to 'float', possible loss of data
D:\Projects\EXPLOITS ROBLOX\RAGE\RAGE DLL\Drawing.cpp(281,45): warning C4244: '=': conversion from 'lua_Number' to 'float', possible loss of data
D:\Projects\EXPLOITS ROBLOX\RAGE\RAGE DLL\Drawing.cpp(288,47): warning C4244: '=': conversion from 'lua_Number' to 'float', possible loss of data
D:\Projects\EXPLOITS ROBLOX\RAGE\RAGE DLL\Drawing.cpp(290,47): warning C4244: '=': conversion from 'lua_Number' to 'float', possible loss of data
D:\Projects\EXPLOITS ROBLOX\RAGE\RAGE DLL\Drawing.cpp(292,47): warning C4244: '=': conversion from 'lua_Number' to 'float', possible loss of data
D:\Projects\EXPLOITS ROBLOX\RAGE\RAGE DLL\Drawing.cpp(296,41): warning C4244: '=': conversion from 'lua_Number' to 'float', possible loss of data
D:\Projects\EXPLOITS ROBLOX\RAGE\RAGE DLL\Drawing.cpp(300,44): warning C4244: '=': conversion from 'lua_Number' to 'float', possible loss of data
D:\Projects\EXPLOITS ROBLOX\RAGE\RAGE DLL\Drawing.cpp(390,38): warning C4244: '=': conversion from 'lua_Number' to 'int', possible loss of data
D:\Projects\EXPLOITS ROBLOX\RAGE\RAGE DLL\Drawing.cpp(396,51): warning C4244: '=': conversion from 'lua_Number' to 'float', possible loss of data
D:\Projects\EXPLOITS ROBLOX\RAGE\RAGE DLL\Drawing.cpp(398,51): warning C4244: '=': conversion from 'lua_Number' to 'float', possible loss of data
D:\Projects\EXPLOITS ROBLOX\RAGE\RAGE DLL\Drawing.cpp(405,47): warning C4244: '=': conversion from 'lua_Number' to 'float', possible loss of data
D:\Projects\EXPLOITS ROBLOX\RAGE\RAGE DLL\Drawing.cpp(407,47): warning C4244: '=': conversion from 'lua_Number' to 'float', possible loss of data
D:\Projects\EXPLOITS ROBLOX\RAGE\RAGE DLL\Drawing.cpp(414,47): warning C4244: '=': conversion from 'lua_Number' to 'float', possible loss of data
D:\Projects\EXPLOITS ROBLOX\RAGE\RAGE DLL\Drawing.cpp(416,47): warning C4244: '=': conversion from 'lua_Number' to 'float', possible loss of data
D:\Projects\EXPLOITS ROBLOX\RAGE\RAGE DLL\Drawing.cpp(418,47): warning C4244: '=': conversion from 'lua_Number' to 'float', possible loss of data
D:\Projects\EXPLOITS ROBLOX\RAGE\RAGE DLL\Drawing.cpp(422,41): warning C4244: '=': conversion from 'lua_Number' to 'float', possible loss of data
D:\Projects\EXPLOITS ROBLOX\RAGE\RAGE DLL\Drawing.cpp(429,44): warning C4244: '=': conversion from 'lua_Number' to 'float', possible loss of data
D:\Projects\EXPLOITS ROBLOX\RAGE\RAGE DLL\Drawing.cpp(520,38): warning C4244: '=': conversion from 'lua_Number' to 'int', possible loss of data
D:\Projects\EXPLOITS ROBLOX\RAGE\RAGE DLL\Drawing.cpp(526,51): warning C4244: '=': conversion from 'lua_Number' to 'float', possible loss of data
D:\Projects\EXPLOITS ROBLOX\RAGE\RAGE DLL\Drawing.cpp(528,51): warning C4244: '=': conversion from 'lua_Number' to 'float', possible loss of data
D:\Projects\EXPLOITS ROBLOX\RAGE\RAGE DLL\Drawing.cpp(532,38): warning C4244: '=': conversion from 'lua_Number' to 'float', possible loss of data
D:\Projects\EXPLOITS ROBLOX\RAGE\RAGE DLL\Drawing.cpp(538,47): warning C4244: '=': conversion from 'lua_Number' to 'float', possible loss of data
D:\Projects\EXPLOITS ROBLOX\RAGE\RAGE DLL\Drawing.cpp(540,47): warning C4244: '=': conversion from 'lua_Number' to 'float', possible loss of data
D:\Projects\EXPLOITS ROBLOX\RAGE\RAGE DLL\Drawing.cpp(542,47): warning C4244: '=': conversion from 'lua_Number' to 'float', possible loss of data
D:\Projects\EXPLOITS ROBLOX\RAGE\RAGE DLL\Drawing.cpp(546,41): warning C4244: '=': conversion from 'lua_Number' to 'float', possible loss of data
D:\Projects\EXPLOITS ROBLOX\RAGE\RAGE DLL\Drawing.cpp(553,44): warning C4244: '=': conversion from 'lua_Number' to 'float', possible loss of data
D:\Projects\EXPLOITS ROBLOX\RAGE\RAGE DLL\Drawing.cpp(556,45): warning C4244: '=': conversion from 'lua_Number' to 'float', possible loss of data
D:\Projects\EXPLOITS ROBLOX\RAGE\RAGE DLL\Drawing.cpp(654,38): warning C4244: '=': conversion from 'lua_Number' to 'int', possible loss of data
D:\Projects\EXPLOITS ROBLOX\RAGE\RAGE DLL\Drawing.cpp(660,49): warning C4244: '=': conversion from 'lua_Number' to 'float', possible loss of data
D:\Projects\EXPLOITS ROBLOX\RAGE\RAGE DLL\Drawing.cpp(662,49): warning C4244: '=': conversion from 'lua_Number' to 'float', possible loss of data
D:\Projects\EXPLOITS ROBLOX\RAGE\RAGE DLL\Drawing.cpp(669,49): warning C4244: '=': conversion from 'lua_Number' to 'float', possible loss of data
D:\Projects\EXPLOITS ROBLOX\RAGE\RAGE DLL\Drawing.cpp(671,49): warning C4244: '=': conversion from 'lua_Number' to 'float', possible loss of data
D:\Projects\EXPLOITS ROBLOX\RAGE\RAGE DLL\Drawing.cpp(678,49): warning C4244: '=': conversion from 'lua_Number' to 'float', possible loss of data
D:\Projects\EXPLOITS ROBLOX\RAGE\RAGE DLL\Drawing.cpp(680,49): warning C4244: '=': conversion from 'lua_Number' to 'float', possible loss of data
D:\Projects\EXPLOITS ROBLOX\RAGE\RAGE DLL\Drawing.cpp(687,47): warning C4244: '=': conversion from 'lua_Number' to 'float', possible loss of data
D:\Projects\EXPLOITS ROBLOX\RAGE\RAGE DLL\Drawing.cpp(689,47): warning C4244: '=': conversion from 'lua_Number' to 'float', possible loss of data
D:\Projects\EXPLOITS ROBLOX\RAGE\RAGE DLL\Drawing.cpp(691,47): warning C4244: '=': conversion from 'lua_Number' to 'float', possible loss of data
D:\Projects\EXPLOITS ROBLOX\RAGE\RAGE DLL\Drawing.cpp(695,41): warning C4244: '=': conversion from 'lua_Number' to 'float', possible loss of data
D:\Projects\EXPLOITS ROBLOX\RAGE\RAGE DLL\Drawing.cpp(702,44): warning C4244: '=': conversion from 'lua_Number' to 'float', possible loss of data
D:\Projects\EXPLOITS ROBLOX\RAGE\RAGE DLL\Drawing.cpp(893,223): warning C4244: 'argument': conversion from 'float' to 'int', possible loss of data
D:\Projects\EXPLOITS ROBLOX\RAGE\RAGE DLL\Drawing.cpp(896,217): warning C4244: 'argument': conversion from 'float' to 'int', possible loss of data
  imgui.cpp
  imgui_demo.cpp
  imgui_draw.cpp
  imgui_impl_dx11.cpp
  imgui_impl_dx9.cpp
  imgui_impl_win32.cpp
  imgui_widgets.cpp
  Main.cpp
D:\Projects\EXPLOITS ROBLOX\RAGE\RAGE DLL\r_lua.h(6949,79): warning C4554: '>>': check operator precedence for possible error; use parentheses to clarify precedence
D:\Projects\EXPLOITS ROBLOX\RAGE\RAGE DLL\Bridge.h(194,32): warning C4838: conversion from 'int' to 'const char' requires a narrowing conversion
D:\Projects\EXPLOITS ROBLOX\RAGE\RAGE DLL\Bridge.h(194,32): warning C4309: 'initializing': truncation of constant value
D:\Projects\EXPLOITS ROBLOX\RAGE\RAGE DLL\Bridge.h(194,38): warning C4838: conversion from 'int' to 'const char' requires a narrowing conversion
D:\Projects\EXPLOITS ROBLOX\RAGE\RAGE DLL\Bridge.h(194,38): warning C4309: 'initializing': truncation of constant value
D:\Projects\EXPLOITS ROBLOX\RAGE\RAGE DLL\Bridge.h(194,44): warning C4838: conversion from 'int' to 'const char' requires a narrowing conversion
D:\Projects\EXPLOITS ROBLOX\RAGE\RAGE DLL\Bridge.h(194,44): warning C4309: 'initializing': truncation of constant value
D:\Projects\EXPLOITS ROBLOX\RAGE\RAGE DLL\Bridge.h(194,50): warning C4838: conversion from 'int' to 'const char' requires a narrowing conversion
D:\Projects\EXPLOITS ROBLOX\RAGE\RAGE DLL\Bridge.h(194,50): warning C4309: 'initializing': truncation of constant value
D:\Projects\EXPLOITS ROBLOX\RAGE\RAGE DLL\Bridge.h(194,56): warning C4838: conversion from 'int' to 'const char' requires a narrowing conversion
D:\Projects\EXPLOITS ROBLOX\RAGE\RAGE DLL\Bridge.h(194,56): warning C4309: 'initializing': truncation of constant value
D:\Projects\EXPLOITS ROBLOX\RAGE\RAGE DLL\Bridge.h(194,62): warning C4838: conversion from 'int' to 'const char' requires a narrowing conversion
D:\Projects\EXPLOITS ROBLOX\RAGE\RAGE DLL\Bridge.h(194,62): warning C4309: 'initializing': truncation of constant value
D:\Projects\EXPLOITS ROBLOX\RAGE\RAGE DLL\Bridge.h(194,68): warning C4838: conversion from 'int' to 'const char' requires a narrowing conversion
D:\Projects\EXPLOITS ROBLOX\RAGE\RAGE DLL\Bridge.h(194,68): warning C4309: 'initializing': truncation of constant value
D:\Projects\EXPLOITS ROBLOX\RAGE\RAGE DLL\Bridge.h(194,74): warning C4838: conversion from 'int' to 'const char' requires a narrowing conversion
D:\Projects\EXPLOITS ROBLOX\RAGE\RAGE DLL\Bridge.h(194,74): warning C4309: 'initializing': truncation of constant value
D:\Projects\EXPLOITS ROBLOX\RAGE\RAGE DLL\Bridge.h(370,11): warning C4244: 'initializing': conversion from 'lua_Number' to 'int', possible loss of data
D:\Projects\EXPLOITS ROBLOX\RAGE\RAGE DLL\Bridge.h(379,31): warning C4002: too many arguments for function-like macro invocation 'r_lua_tostring'
D:\Projects\EXPLOITS ROBLOX\RAGE\RAGE DLL\Bridge.h(419,11): warning C4244: 'initializing': conversion from 'double' to 'int', possible loss of data
D:\Projects\EXPLOITS ROBLOX\RAGE\RAGE DLL\Main.cpp(43,36): warning C4018: '<=': signed/unsigned mismatch
D:\Projects\EXPLOITS ROBLOX\RAGE\RAGE DLL\Main.cpp(250,2): warning C4996: 'freopen': This function or variable may be unsafe. Consider using freopen_s instead. To disable deprecation, use _CRT_SECURE_NO_WARNINGS. See online help for details.
D:\Projects\EXPLOITS ROBLOX\RAGE\RAGE DLL\Main.cpp(251,2): warning C4996: 'freopen': This function or variable may be unsafe. Consider using freopen_s instead. To disable deprecation, use _CRT_SECURE_NO_WARNINGS. See online help for details.
D:\Projects\EXPLOITS ROBLOX\RAGE\RAGE DLL\Main.cpp(362,20): warning C4018: '<': signed/unsigned mismatch
  Generating Code...
D:\Projects\EXPLOITS ROBLOX\RAGE\RAGE DLL\Main.cpp(118): warning C4715: 'input': not all control paths return a value
D:\Projects\EXPLOITS ROBLOX\RAGE\RAGE DLL\Main.cpp(320): warning C4715: 'FindFirstClass': not all control paths return a value
D:\Projects\EXPLOITS ROBLOX\RAGE\RAGE DLL\Drawing.cpp(303): warning C4715: 'DrawingAPILuaAPI::Lua::Line::__newindex': not all control paths return a value
D:\Projects\EXPLOITS ROBLOX\RAGE\RAGE DLL\Drawing.cpp(251): warning C4715: 'DrawingAPILuaAPI::Lua::Line::__index': not all control paths return a value
D:\Projects\EXPLOITS ROBLOX\RAGE\RAGE DLL\Drawing.cpp(379): warning C4715: 'DrawingAPILuaAPI::Lua::Square::__index': not all control paths return a value
D:\Projects\EXPLOITS ROBLOX\RAGE\RAGE DLL\Drawing.cpp(643): warning C4715: 'DrawingAPILuaAPI::Lua::Triangle::__index': not all control paths return a value
  lapi.c
  lauxlib.c
D:\Projects\EXPLOITS ROBLOX\RAGE\RAGE DLL\Lua\lauxlib.c(544,22): warning C4996: 'strerror': This function or variable may be unsafe. Consider using strerror_s instead. To disable deprecation, use _CRT_SECURE_NO_WARNINGS. See online help for details.
D:\Projects\EXPLOITS ROBLOX\RAGE\RAGE DLL\Lua\lauxlib.c(564,12): warning C4996: 'fopen': This function or variable may be unsafe. Consider using fopen_s instead. To disable deprecation, use _CRT_SECURE_NO_WARNINGS. See online help for details.
D:\Projects\EXPLOITS ROBLOX\RAGE\RAGE DLL\Lua\lauxlib.c(574,12): warning C4996: 'freopen': This function or variable may be unsafe. Consider using freopen_s instead. To disable deprecation, use _CRT_SECURE_NO_WARNINGS. See online help for details.
  lbaselib.c
  lcode.c
  ldblib.c
  ldebug.c
  ldo.c
  ldump.c
  lfunc.c
  lgc.c
  linit.c
  liolib.c
D:\Projects\EXPLOITS ROBLOX\RAGE\RAGE DLL\Lua\liolib.c(39,46): warning C4996: 'strerror': This function or variable may be unsafe. Consider using strerror_s instead. To disable deprecation, use _CRT_SECURE_NO_WARNINGS. See online help for details.
D:\Projects\EXPLOITS ROBLOX\RAGE\RAGE DLL\Lua\liolib.c(41,32): warning C4996: 'strerror': This function or variable may be unsafe. Consider using strerror_s instead. To disable deprecation, use _CRT_SECURE_NO_WARNINGS. See online help for details.
D:\Projects\EXPLOITS ROBLOX\RAGE\RAGE DLL\Lua\liolib.c(49,42): warning C4996: 'strerror': This function or variable may be unsafe. Consider using strerror_s instead. To disable deprecation, use _CRT_SECURE_NO_WARNINGS. See online help for details.
D:\Projects\EXPLOITS ROBLOX\RAGE\RAGE DLL\Lua\liolib.c(165,9): warning C4996: 'fopen': This function or variable may be unsafe. Consider using fopen_s instead. To disable deprecation, use _CRT_SECURE_NO_WARNINGS. See online help for details.
D:\Projects\EXPLOITS ROBLOX\RAGE\RAGE DLL\Lua\liolib.c(185,9): warning C4996: 'tmpfile': This function or variable may be unsafe. Consider using tmpfile_s instead. To disable deprecation, use _CRT_SECURE_NO_WARNINGS. See online help for details.
D:\Projects\EXPLOITS ROBLOX\RAGE\RAGE DLL\Lua\liolib.c(205,13): warning C4996: 'fopen': This function or variable may be unsafe. Consider using fopen_s instead. To disable deprecation, use _CRT_SECURE_NO_WARNINGS. See online help for details.
D:\Projects\EXPLOITS ROBLOX\RAGE\RAGE DLL\Lua\liolib.c(257,11): warning C4996: 'fopen': This function or variable may be unsafe. Consider using fopen_s instead. To disable deprecation, use _CRT_SECURE_NO_WARNINGS. See online help for details.
D:\Projects\EXPLOITS ROBLOX\RAGE\RAGE DLL\Lua\liolib.c(275,7): warning C4996: 'fscanf': This function or variable may be unsafe. Consider using fscanf_s instead. To disable deprecation, use _CRT_SECURE_NO_WARNINGS. See online help for details.
D:\Projects\EXPLOITS ROBLOX\RAGE\RAGE DLL\Lua\liolib.c(398,32): warning C4996: 'strerror': This function or variable may be unsafe. Consider using strerror_s instead. To disable deprecation, use _CRT_SECURE_NO_WARNINGS. See online help for details.
  llex.c
  lmathlib.c
  lmem.c
  loadlib.c
D:\Projects\EXPLOITS ROBLOX\RAGE\RAGE DLL\Lua\loadlib.c(333,13): warning C4996: 'fopen': This function or variable may be unsafe. Consider using fopen_s instead. To disable deprecation, use _CRT_SECURE_NO_WARNINGS. See online help for details.
D:\Projects\EXPLOITS ROBLOX\RAGE\RAGE DLL\Lua\loadlib.c(594,22): warning C4996: 'getenv': This function or variable may be unsafe. Consider using _dupenv_s instead. To disable deprecation, use _CRT_SECURE_NO_WARNINGS. See online help for details.
  lobject.c
D:\Projects\EXPLOITS ROBLOX\RAGE\RAGE DLL\Lua\lobject.c(145,9): warning C4996: 'sprintf': This function or variable may be unsafe. Consider using sprintf_s instead. To disable deprecation, use _CRT_SECURE_NO_WARNINGS. See online help for details.
D:\Projects\EXPLOITS ROBLOX\RAGE\RAGE DLL\Lua\lobject.c(184,5): warning C4996: 'strncpy': This function or variable may be unsafe. Consider using strncpy_s instead. To disable deprecation, use _CRT_SECURE_NO_WARNINGS. See online help for details.
D:\Projects\EXPLOITS ROBLOX\RAGE\RAGE DLL\Lua\lobject.c(193,7): warning C4996: 'strcpy': This function or variable may be unsafe. Consider using strcpy_s instead. To disable deprecation, use _CRT_SECURE_NO_WARNINGS. See online help for details.
D:\Projects\EXPLOITS ROBLOX\RAGE\RAGE DLL\Lua\lobject.c(196,9): warning C4996: 'strcat': This function or variable may be unsafe. Consider using strcat_s instead. To disable deprecation, use _CRT_SECURE_NO_WARNINGS. See online help for details.
D:\Projects\EXPLOITS ROBLOX\RAGE\RAGE DLL\Lua\lobject.c(198,7): warning C4996: 'strcat': This function or variable may be unsafe. Consider using strcat_s instead. To disable deprecation, use _CRT_SECURE_NO_WARNINGS. See online help for details.
D:\Projects\EXPLOITS ROBLOX\RAGE\RAGE DLL\Lua\lobject.c(204,7): warning C4996: 'strcpy': This function or variable may be unsafe. Consider using strcpy_s instead. To disable deprecation, use _CRT_SECURE_NO_WARNINGS. See online help for details.
D:\Projects\EXPLOITS ROBLOX\RAGE\RAGE DLL\Lua\lobject.c(206,9): warning C4996: 'strncat': This function or variable may be unsafe. Consider using strncat_s instead. To disable deprecation, use _CRT_SECURE_NO_WARNINGS. See online help for details.
D:\Projects\EXPLOITS ROBLOX\RAGE\RAGE DLL\Lua\lobject.c(207,9): warning C4996: 'strcat': This function or variable may be unsafe. Consider using strcat_s instead. To disable deprecation, use _CRT_SECURE_NO_WARNINGS. See online help for details.
D:\Projects\EXPLOITS ROBLOX\RAGE\RAGE DLL\Lua\lobject.c(210,9): warning C4996: 'strcat': This function or variable may be unsafe. Consider using strcat_s instead. To disable deprecation, use _CRT_SECURE_NO_WARNINGS. See online help for details.
D:\Projects\EXPLOITS ROBLOX\RAGE\RAGE DLL\Lua\lobject.c(211,7): warning C4996: 'strcat': This function or variable may be unsafe. Consider using strcat_s instead. To disable deprecation, use _CRT_SECURE_NO_WARNINGS. See online help for details.
  lopcodes.c
  loslib.c
D:\Projects\EXPLOITS ROBLOX\RAGE\RAGE DLL\Lua\loslib.c(31,44): warning C4996: 'strerror': This function or variable may be unsafe. Consider using strerror_s instead. To disable deprecation, use _CRT_SECURE_NO_WARNINGS. See online help for details.
D:\Projects\EXPLOITS ROBLOX\RAGE\RAGE DLL\Lua\loslib.c(60,3): warning C4996: 'tmpnam': This function or variable may be unsafe. Consider using tmpnam_s instead. To disable deprecation, use _CRT_SECURE_NO_WARNINGS. See online help for details.
D:\Projects\EXPLOITS ROBLOX\RAGE\RAGE DLL\Lua\loslib.c(69,21): warning C4996: 'getenv': This function or variable may be unsafe. Consider using _dupenv_s instead. To disable deprecation, use _CRT_SECURE_NO_WARNINGS. See online help for details.
D:\Projects\EXPLOITS ROBLOX\RAGE\RAGE DLL\Lua\loslib.c(129,11): warning C4996: 'gmtime': This function or variable may be unsafe. Consider using gmtime_s instead. To disable deprecation, use _CRT_SECURE_NO_WARNINGS. See online help for details.
D:\Projects\EXPLOITS ROBLOX\RAGE\RAGE DLL\Lua\loslib.c(133,11): warning C4996: 'localtime': This function or variable may be unsafe. Consider using localtime_s instead. To disable deprecation, use _CRT_SECURE_NO_WARNINGS. See online help for details.
  lparser.c
  Generating Code...
  Compiling...
  lstate.c
  lstring.c
  lstrlib.c
D:\Projects\EXPLOITS ROBLOX\RAGE\RAGE DLL\Lua\lstrlib.c(740,3): warning C4996: 'strncpy': This function or variable may be unsafe. Consider using strncpy_s instead. To disable deprecation, use _CRT_SECURE_NO_WARNINGS. See online help for details.
D:\Projects\EXPLOITS ROBLOX\RAGE\RAGE DLL\Lua\lstrlib.c(750,3): warning C4996: 'strcpy': This function or variable may be unsafe. Consider using strcpy_s instead. To disable deprecation, use _CRT_SECURE_NO_WARNINGS. See online help for details.
D:\Projects\EXPLOITS ROBLOX\RAGE\RAGE DLL\Lua\lstrlib.c(777,11): warning C4996: 'sprintf': This function or variable may be unsafe. Consider using sprintf_s instead. To disable deprecation, use _CRT_SECURE_NO_WARNINGS. See online help for details.
D:\Projects\EXPLOITS ROBLOX\RAGE\RAGE DLL\Lua\lstrlib.c(782,11): warning C4996: 'sprintf': This function or variable may be unsafe. Consider using sprintf_s instead. To disable deprecation, use _CRT_SECURE_NO_WARNINGS. See online help for details.
D:\Projects\EXPLOITS ROBLOX\RAGE\RAGE DLL\Lua\lstrlib.c(787,11): warning C4996: 'sprintf': This function or variable may be unsafe. Consider using sprintf_s instead. To disable deprecation, use _CRT_SECURE_NO_WARNINGS. See online help for details.
D:\Projects\EXPLOITS ROBLOX\RAGE\RAGE DLL\Lua\lstrlib.c(792,11): warning C4996: 'sprintf': This function or variable may be unsafe. Consider using sprintf_s instead. To disable deprecation, use _CRT_SECURE_NO_WARNINGS. See online help for details.
D:\Projects\EXPLOITS ROBLOX\RAGE\RAGE DLL\Lua\lstrlib.c(810,13): warning C4996: 'sprintf': This function or variable may be unsafe. Consider using sprintf_s instead. To disable deprecation, use _CRT_SECURE_NO_WARNINGS. See online help for details.
  ltable.c
  ltablib.c
  ltm.c
  lundump.c
  lvm.c
D:\Projects\EXPLOITS ROBLOX\RAGE\RAGE DLL\Lua\lvm.c(53,5): warning C4996: 'sprintf': This function or variable may be unsafe. Consider using sprintf_s instead. To disable deprecation, use _CRT_SECURE_NO_WARNINGS. See online help for details.
  lzio.c
  Generating Code...
  V3rm.vcxproj -> D:\Projects\EXPLOITS ROBLOX\RAGE\RAGE DLL\bin\Debug\RAGE.dll
